Base path: 'C:/Program Files/Unity/Hub/Editor/2019.2.18f1/Editor/Data', plugins path 'C:/Program Files/Unity/Hub/Editor/2019.2.18f1/Editor/Data/PlaybackEngines'
Cmd: initializeCompiler
Cmd: initializeCompiler
Cmd: preprocessCompute
  insize=1366 outsize=1372 ok=1
Cmd: translateComputeKernel
  api=14 insize=1490 outsize=1549 ok=1
Cmd: preprocess
  insize=1074 outsize=379 ok=1
Cmd: compileSnippet
  api=4 type=0 insize=1136 outsize=538 kw= pd=UNITY_NO_DXT5nm UNITY_ENABLE_REFLECTION_BUFFERS UNITY_NO_CUBEMAP_ARRAY UNITY_USE_DITHER_MASK_FOR_ALPHABLENDED_SHADOWS UNITY_PBS_USE_BRDF1 UNITY_SPECCUBE_BOX_PROJECTION UNITY_SPECCUBE_BLENDING UNITY_ENABLE_DETAIL_NORMALMAP SHADER_API_DESKTOP UNITY_LIGHT_PROBE_PROXY_VOLUME UNITY_LIGHTMAP_DLDR_ENCODING ok=1
Cmd: compileSnippet
  api=4 type=1 insize=1136 outsize=262 kw= pd=UNITY_NO_DXT5nm UNITY_ENABLE_REFLECTION_BUFFERS UNITY_NO_CUBEMAP_ARRAY UNITY_USE_DITHER_MASK_FOR_ALPHABLENDED_SHADOWS UNITY_PBS_USE_BRDF1 UNITY_SPECCUBE_BOX_PROJECTION UNITY_SPECCUBE_BLENDING UNITY_ENABLE_DETAIL_NORMALMAP SHADER_API_DESKTOP UNITY_LIGHT_PROBE_PROXY_VOLUME UNITY_LIGHTMAP_DLDR_ENCODING ok=1
Cmd: preprocess
  insize=3759 outsize=647 ok=1
Cmd: compileSnippet
  api=4 type=0 insize=3555 outsize=1358 kw= pd=UNITY_NO_DXT5nm UNITY_ENABLE_REFLECTION_BUFFERS UNITY_NO_CUBEMAP_ARRAY UNITY_USE_DITHER_MASK_FOR_ALPHABLENDED_SHADOWS UNITY_PBS_USE_BRDF1 UNITY_SPECCUBE_BOX_PROJECTION UNITY_SPECCUBE_BLENDING UNITY_ENABLE_DETAIL_NORMALMAP SHADER_API_DESKTOP UNITY_LIGHT_PROBE_PROXY_VOLUME UNITY_LIGHTMAP_DLDR_ENCODING ok=1
Cmd: compileSnippet
  api=4 type=1 insize=3555 outsize=1046 kw= pd=UNITY_NO_DXT5nm UNITY_ENABLE_REFLECTION_BUFFERS UNITY_NO_CUBEMAP_ARRAY UNITY_USE_DITHER_MASK_FOR_ALPHABLENDED_SHADOWS UNITY_PBS_USE_BRDF1 UNITY_SPECCUBE_BOX_PROJECTION UNITY_SPECCUBE_BLENDING UNITY_ENABLE_DETAIL_NORMALMAP SHADER_API_DESKTOP UNITY_LIGHT_PROBE_PROXY_VOLUME UNITY_LIGHTMAP_DLDR_ENCODING ok=1
Cmd: preprocess
  insize=4178 outsize=709 ok=1
Cmd: compileSnippet
  api=4 type=0 insize=3912 outsize=1490 kw= pd=UNITY_NO_DXT5nm UNITY_ENABLE_REFLECTION_BUFFERS UNITY_NO_CUBEMAP_ARRAY UNITY_USE_DITHER_MASK_FOR_ALPHABLENDED_SHADOWS UNITY_PBS_USE_BRDF1 UNITY_SPECCUBE_BOX_PROJECTION UNITY_SPECCUBE_BLENDING UNITY_ENABLE_DETAIL_NORMALMAP SHADER_API_DESKTOP UNITY_LIGHT_PROBE_PROXY_VOLUME UNITY_LIGHTMAP_DLDR_ENCODING ok=1
Cmd: compileSnippet
  api=4 type=1 insize=3912 outsize=1502 kw= pd=UNITY_NO_DXT5nm UNITY_ENABLE_REFLECTION_BUFFERS UNITY_NO_CUBEMAP_ARRAY UNITY_USE_DITHER_MASK_FOR_ALPHABLENDED_SHADOWS UNITY_PBS_USE_BRDF1 UNITY_SPECCUBE_BOX_PROJECTION UNITY_SPECCUBE_BLENDING UNITY_ENABLE_DETAIL_NORMALMAP SHADER_API_DESKTOP UNITY_LIGHT_PROBE_PROXY_VOLUME UNITY_LIGHTMAP_DLDR_ENCODING ok=1
Cmd: preprocessCompute
  insize=4560 outsize=4562 ok=1
Cmd: translateComputeKernel
  api=14 insize=3343 outsize=7486 ok=1
Cmd: preprocess
  insize=1156 outsize=393 ok=1
Cmd: compileSnippet
  api=4 type=0 insize=1204 outsize=650 kw= pd=UNITY_NO_DXT5nm UNITY_ENABLE_REFLECTION_BUFFERS UNITY_NO_CUBEMAP_ARRAY UNITY_USE_DITHER_MASK_FOR_ALPHABLENDED_SHADOWS UNITY_PBS_USE_BRDF1 UNITY_SPECCUBE_BOX_PROJECTION UNITY_SPECCUBE_BLENDING UNITY_ENABLE_DETAIL_NORMALMAP SHADER_API_DESKTOP UNITY_LIGHT_PROBE_PROXY_VOLUME UNITY_LIGHTMAP_DLDR_ENCODING ok=1
Cmd: compileSnippet
  api=4 type=1 insize=1204 outsize=298 kw= pd=UNITY_NO_DXT5nm UNITY_ENABLE_REFLECTION_BUFFERS UNITY_NO_CUBEMAP_ARRAY UNITY_USE_DITHER_MASK_FOR_ALPHABLENDED_SHADOWS UNITY_PBS_USE_BRDF1 UNITY_SPECCUBE_BOX_PROJECTION UNITY_SPECCUBE_BLENDING UNITY_ENABLE_DETAIL_NORMALMAP SHADER_API_DESKTOP UNITY_LIGHT_PROBE_PROXY_VOLUME UNITY_LIGHTMAP_DLDR_ENCODING ok=1
Cmd: preprocessCompute
  insize=10115 outsize=10127 ok=1
Cmd: compileComputeKernel
  api=4 insize=10127 outsize=4045 ok=1
Cmd: translateComputeKernel
  api=14 insize=5092 outsize=9821 ok=1
Cmd: preprocessCompute
  insize=3040 outsize=3042 ok=1
Cmd: translateComputeKernel
  api=14 insize=495 outsize=301 ok=1
Cmd: preprocessCompute
  insize=1678 outsize=1680 ok=1
Cmd: preprocess
  insize=10546 outsize=449 ok=1
Cmd: preprocessCompute
  insize=1611 outsize=1613 ok=1
Cmd: translateComputeKernel
  api=14 insize=2210 outsize=2532 ok=1
Cmd: preprocessCompute
  insize=4921 outsize=4923 ok=1
Cmd: preprocessCompute
  insize=3671 outsize=3673 ok=1
Cmd: preprocess
  insize=12661 outsize=449 ok=1
Cmd: preprocessCompute
  insize=1683 outsize=1685 ok=1
Cmd: preprocessCompute
  insize=5436 outsize=5438 ok=1
Cmd: preprocessCompute
  insize=5041 outsize=5043 ok=1
Cmd: preprocess
  insize=13145 outsize=436 ok=1
Cmd: preprocessCompute
  insize=4921 outsize=4923 ok=1
Cmd: preprocessCompute
  insize=3671 outsize=3673 ok=1
Cmd: preprocess
  insize=12661 outsize=449 ok=1
Cmd: preprocessCompute
  insize=1683 outsize=1685 ok=1
Cmd: preprocessCompute
  insize=3040 outsize=3042 ok=1
Cmd: preprocessCompute
  insize=1678 outsize=1680 ok=1
Cmd: preprocess
  insize=10546 outsize=449 ok=1
Cmd: preprocessCompute
  insize=1611 outsize=1613 ok=1
Cmd: preprocessCompute
  insize=5436 outsize=5438 ok=1
Cmd: preprocessCompute
  insize=5041 outsize=5043 ok=1
Cmd: preprocess
  insize=13145 outsize=436 ok=1
Cmd: preprocessCompute
  insize=4921 outsize=4923 ok=1
Cmd: preprocessCompute
  insize=3671 outsize=3673 ok=1
Cmd: preprocess
  insize=12661 outsize=449 ok=1
Cmd: preprocessCompute
  insize=1683 outsize=1685 ok=1
Cmd: preprocessCompute
  insize=4921 outsize=4923 ok=1
Cmd: preprocessCompute
  insize=3671 outsize=3673 ok=1
Cmd: preprocess
  insize=12661 outsize=449 ok=1
Cmd: preprocessCompute
  insize=1683 outsize=1685 ok=1
Cmd: compileSnippet
  api=4 type=0 insize=12548 outsize=3346 kw= pd=UNITY_NO_DXT5nm UNITY_ENABLE_REFLECTION_BUFFERS UNITY_NO_CUBEMAP_ARRAY UNITY_NO_SCREENSPACE_SHADOWS UNITY_PBS_USE_BRDF2 SHADER_API_DESKTOP UNITY_HARDWARE_TIER3 UNITY_LIGHTMAP_DLDR_ENCODING ok=1
Cmd: compileSnippet
  api=4 type=1 insize=12548 outsize=426 kw= pd=UNITY_NO_DXT5nm UNITY_ENABLE_REFLECTION_BUFFERS UNITY_NO_CUBEMAP_ARRAY UNITY_NO_SCREENSPACE_SHADOWS UNITY_PBS_USE_BRDF2 SHADER_API_DESKTOP UNITY_HARDWARE_TIER3 UNITY_LIGHTMAP_DLDR_ENCODING ok=1
Cmd: preprocessCompute
  insize=4888 outsize=4890 ok=1
Cmd: translateComputeKernel
  api=14 insize=3375 outsize=5070 ok=1
Cmd: preprocessCompute
  insize=3671 outsize=3673 ok=1
Cmd: preprocess
  insize=12661 outsize=449 ok=1
Cmd: preprocessCompute
  insize=1683 outsize=1685 ok=1
Cmd: compileSnippet
  api=4 type=0 insize=3912 outsize=1490 kw= pd=UNITY_NO_DXT5nm UNITY_ENABLE_REFLECTION_BUFFERS UNITY_NO_CUBEMAP_ARRAY UNITY_NO_SCREENSPACE_SHADOWS UNITY_PBS_USE_BRDF2 SHADER_API_DESKTOP UNITY_HARDWARE_TIER3 UNITY_LIGHTMAP_DLDR_ENCODING ok=1
Cmd: compileSnippet
  api=4 type=1 insize=3912 outsize=1502 kw= pd=UNITY_NO_DXT5nm UNITY_ENABLE_REFLECTION_BUFFERS UNITY_NO_CUBEMAP_ARRAY UNITY_NO_SCREENSPACE_SHADOWS UNITY_PBS_USE_BRDF2 SHADER_API_DESKTOP UNITY_HARDWARE_TIER3 UNITY_LIGHTMAP_DLDR_ENCODING ok=1
Cmd: compileSnippet
  api=4 type=0 insize=3555 outsize=1358 kw= pd=UNITY_NO_DXT5nm UNITY_ENABLE_REFLECTION_BUFFERS UNITY_NO_CUBEMAP_ARRAY UNITY_NO_SCREENSPACE_SHADOWS UNITY_PBS_USE_BRDF2 SHADER_API_DESKTOP UNITY_HARDWARE_TIER3 UNITY_LIGHTMAP_DLDR_ENCODING ok=1
Cmd: compileSnippet
  api=4 type=1 insize=3555 outsize=1046 kw= pd=UNITY_NO_DXT5nm UNITY_ENABLE_REFLECTION_BUFFERS UNITY_NO_CUBEMAP_ARRAY UNITY_NO_SCREENSPACE_SHADOWS UNITY_PBS_USE_BRDF2 SHADER_API_DESKTOP UNITY_HARDWARE_TIER3 UNITY_LIGHTMAP_DLDR_ENCODING ok=1
Cmd: preprocessCompute
  insize=4888 outsize=4890 ok=1
Cmd: preprocessCompute
  insize=3671 outsize=3673 ok=1
Cmd: preprocess
  insize=12661 outsize=449 ok=1
Cmd: preprocessCompute
  insize=1683 outsize=1685 ok=1
Cmd: preprocessCompute
  insize=4888 outsize=4890 ok=1
Cmd: preprocessCompute
  insize=3671 outsize=3673 ok=1
Cmd: preprocess
  insize=12661 outsize=449 ok=1
Cmd: preprocessCompute
  insize=1683 outsize=1685 ok=1
Cmd: preprocessCompute
  insize=4888 outsize=4890 ok=1
Cmd: preprocessCompute
  insize=3671 outsize=3673 ok=1
Cmd: preprocess
  insize=12661 outsize=449 ok=1
Cmd: preprocessCompute
  insize=1683 outsize=1685 ok=1
Cmd: preprocessCompute
  insize=4888 outsize=4890 ok=1
Cmd: preprocessCompute
  insize=3671 outsize=3673 ok=1
Cmd: preprocess
  insize=12661 outsize=449 ok=1
Cmd: preprocessCompute
  insize=1683 outsize=1685 ok=1
Cmd: preprocessCompute
  insize=4888 outsize=4890 ok=1
Cmd: preprocessCompute
  insize=3671 outsize=3673 ok=1
Cmd: preprocess
  insize=12661 outsize=449 ok=1
Cmd: preprocessCompute
  insize=1683 outsize=1685 ok=1
Cmd: preprocessCompute
  insize=4888 outsize=4890 ok=1
Cmd: preprocessCompute
  insize=3671 outsize=3673 ok=1
Cmd: preprocess
  insize=12661 outsize=449 ok=1
Cmd: preprocessCompute
  insize=1683 outsize=1685 ok=1
Cmd: preprocessCompute
  insize=4888 outsize=4890 ok=1
Cmd: preprocessCompute
  insize=3671 outsize=3673 ok=1
Cmd: preprocess
  insize=12661 outsize=449 ok=1
Cmd: preprocessCompute
  insize=1683 outsize=1685 ok=1
Cmd: preprocessCompute
  insize=4921 outsize=4923 ok=1
Cmd: preprocessCompute
  insize=3671 outsize=3673 ok=1
Cmd: preprocess
  insize=12661 outsize=449 ok=1
Cmd: preprocessCompute
  insize=1683 outsize=1685 ok=1
Cmd: preprocessCompute
  insize=4921 outsize=4923 ok=1
Cmd: preprocessCompute
  insize=3671 outsize=3673 ok=1
Cmd: preprocess
  insize=12661 outsize=449 ok=1
Cmd: preprocessCompute
  insize=1683 outsize=1685 ok=1
